<?xml version="1.0" encoding="UTF-8"?>
<!-- Generated by org.testng.reporters.JUnitReportReporter -->
<testsuite hostname="DESKTOP-OBSQM2G" failures="0" tests="1" name="runner.RunnerCucumber" time="32.010" errors="0" timestamp="2025-01-09T11:26:46 IST" skipped="0">
  <testcase classname="runner.RunnerCucumber" name="runScenario" time="32.010"/>
  <system-out/>
</testsuite> <!-- runner.RunnerCucumber -->
