<?xml version="1.0" encoding="UTF-8"?>
<!-- Generated by org.testng.reporters.JUnitReportReporter -->
<testsuite hostname="DESKTOP-OBSQM2G" failures="0" tests="2" name="testcases.RunnerCucumber" time="29.364" errors="0" timestamp="2024-11-20T13:09:04 IST" skipped="0">
  <testcase classname="testcases.RunnerCucumber" name="runScenario" time="15.079"/>
  <system-out/>
  <testcase classname="testcases.RunnerCucumber" name="runScenario" time="14.285"/>
  <system-out/>
</testsuite> <!-- testcases.RunnerCucumber -->
