<?xml version="1.0" encoding="UTF-8"?>
<!-- Generated by org.testng.reporters.JUnitReportReporter -->
<testsuite hostname="DESKTOP-OBSQM2G" failures="0" tests="2" name="testcases.RunCreateLead" time="32.207" errors="0" timestamp="2024-11-21T12:28:30 IST" skipped="0">
  <testcase classname="testcases.RunCreateLead" name="runCL" time="16.568"/>
  <system-out/>
  <testcase classname="testcases.RunCreateLead" name="runCL" time="15.639"/>
  <system-out/>
</testsuite> <!-- testcases.RunCreateLead -->
