<?xml version="1.0" encoding="UTF-8"?>
<!-- Generated by org.testng.reporters.JUnitReportReporter -->
<testsuite hostname="DESKTOP-OBSQM2G" failures="0" tests="2" name="testcases.RunLogin" time="20.316" errors="0" timestamp="2024-11-20T11:52:30 IST" skipped="0">
  <testcase classname="testcases.RunLogin" name="runLogin" time="6.215"/>
  <system-out/>
  <testcase classname="testcases.RunLogin" name="runLogin" time="14.101"/>
  <system-out/>
</testsuite> <!-- testcases.RunLogin -->
