<?xml version="1.0" encoding="UTF-8"?>
<!-- Generated by org.testng.reporters.JUnitReportReporter -->
<testsuite hostname="DESKTOP-OBSQM2G" failures="0" tests="2" name="testcases.RunCreateLead" time="30.180" errors="0" timestamp="2024-11-20T11:52:30 IST" skipped="0">
  <testcase classname="testcases.RunCreateLead" name="runCL" time="15.155"/>
  <system-out/>
  <testcase classname="testcases.RunCreateLead" name="runCL" time="15.025"/>
  <system-out/>
</testsuite> <!-- testcases.RunCreateLead -->
