<?xml version="1.0" encoding="UTF-8"?>
<!-- Generated by org.testng.reporters.JUnitReportReporter -->
<testsuite hostname="DESKTOP-OBSQM2G" failures="0" tests="2" name="testcases.RunLogin" time="19.896" errors="0" timestamp="2024-11-21T12:49:10 IST" skipped="0">
  <testcase classname="testcases.RunLogin" name="runLogin" time="7.531"/>
  <system-out/>
  <testcase classname="testcases.RunLogin" name="runLogin" time="12.365"/>
  <system-out/>
</testsuite> <!-- testcases.RunLogin -->
