<?xml version="1.0" encoding="UTF-8"?>
<!-- Generated by org.testng.reporters.JUnitReportReporter -->
<testsuite hostname="DESKTOP-OBSQM2G" failures="0" tests="2" name="testcases.RunnerCucumber" time="36.229" errors="0" timestamp="2024-11-25T11:26:43 IST" skipped="0">
  <testcase classname="testcases.RunnerCucumber" name="runScenario" time="20.625"/>
  <system-out/>
  <testcase classname="testcases.RunnerCucumber" name="runScenario" time="15.604"/>
  <system-out/>
</testsuite> <!-- testcases.RunnerCucumber -->
