<?xml version="1.0" encoding="UTF-8"?>
<!-- Generated by org.testng.reporters.JUnitReportReporter -->
<testsuite hostname="DESKTOP-OBSQM2G" failures="0" tests="2" name="testcases.RunLogin" time="31.215" errors="0" timestamp="2024-11-26T12:02:23 IST" skipped="0">
  <testcase classname="testcases.RunLogin" name="runLogin" time="11.564"/>
  <system-out/>
  <testcase classname="testcases.RunLogin" name="runLogin" time="19.651"/>
  <system-out/>
</testsuite> <!-- testcases.RunLogin -->
